<?xml version="1.0" encoding="UTF-8"?>
<testng-results skipped="0" failed="4" ignored="0" total="5" passed="1">
  <reporter-output>
  </reporter-output>
  <suite name="Default suite" duration-ms="28658" started-at="2019-09-10T10:47:56 SGT" finished-at="2019-09-10T10:48:25 SGT">
    <groups>
    </groups>
    <test name="Default test" duration-ms="28658" started-at="2019-09-10T10:47:56 SGT" finished-at="2019-09-10T10:48:25 SGT">
      <class name="com.autostar.tnca.testcases.Login_Test">
        <test-method status="PASS" signature="launchURL()[pri:0, instance:com.autostar.tnca.testcases.Login_Test@610694f1]" name="launchURL" is-config="true" duration-ms="6964" started-at="2019-09-10T10:47:56 SGT" finished-at="2019-09-10T10:48:03 SGT">
          <reporter-output>
          </reporter-output>
        </test-method> <!-- launchURL -->
        <test-method status="FAIL" signature="ifInvalidUsername()[pri:0, instance:com.autostar.tnca.testcases.Login_Test@610694f1]" name="ifInvalidUsername" duration-ms="1404" started-at="2019-09-10T10:48:03 SGT" finished-at="2019-09-10T10:48:04 SGT">
          <exception class="java.lang.AssertionError">
            <message>
              <![CDATA[expected [Please enter Login name and Password.] but found [Please enter login name and password.]]]>
            </message>
            <full-stacktrace>
              <![CDATA[java.lang.AssertionError: expected [Please enter Login name and Password.] but found [Please enter login name and password.]
at org.testng.Assert.fail(Assert.java:97)
at org.testng.Assert.assertEqualsImpl(Assert.java:136)
at org.testng.Assert.assertEquals(Assert.java:118)
at org.testng.Assert.assertEquals(Assert.java:575)
at org.testng.Assert.assertEquals(Assert.java:585)
at com.autostar.tnca.pages.Login_Page.verifyUserNameAndPasswordGiven(Login_Page.java:47)
at com.autostar.tnca.testcases.Login_Test.ifInvalidUsername(Login_Test.java:45)
at sun.reflect.NativeMethodAccessorImpl.invoke0(Native Method)
at sun.reflect.NativeMethodAccessorImpl.invoke(Unknown Source)
at sun.reflect.DelegatingMethodAccessorImpl.invoke(Unknown Source)
at java.lang.reflect.Method.invoke(Unknown Source)
at org.testng.internal.MethodInvocationHelper.invokeMethod(MethodInvocationHelper.java:133)
at org.testng.internal.TestInvoker.invokeMethod(TestInvoker.java:584)
at org.testng.internal.TestInvoker.invokeTestMethod(TestInvoker.java:172)
at org.testng.internal.MethodRunner.runInSequence(MethodRunner.java:46)
at org.testng.internal.TestInvoker$MethodInvocationAgent.invoke(TestInvoker.java:804)
at org.testng.internal.TestInvoker.invokeTestMethods(TestInvoker.java:145)
at org.testng.internal.TestMethodWorker.invokeTestMethods(TestMethodWorker.java:146)
at org.testng.internal.TestMethodWorker.run(TestMethodWorker.java:128)
at java.util.ArrayList.forEach(Unknown Source)
at org.testng.TestRunner.privateRun(TestRunner.java:770)
at org.testng.TestRunner.run(TestRunner.java:591)
at org.testng.SuiteRunner.runTest(SuiteRunner.java:402)
at org.testng.SuiteRunner.runSequentially(SuiteRunner.java:396)
at org.testng.SuiteRunner.privateRun(SuiteRunner.java:355)
at org.testng.SuiteRunner.run(SuiteRunner.java:304)
at org.testng.SuiteRunnerWorker.runSuite(SuiteRunnerWorker.java:53)
at org.testng.SuiteRunnerWorker.run(SuiteRunnerWorker.java:96)
at org.testng.TestNG.runSuitesSequentially(TestNG.java:1180)
at org.testng.TestNG.runSuitesLocally(TestNG.java:1102)
at org.testng.TestNG.runSuites(TestNG.java:1032)
at org.testng.TestNG.run(TestNG.java:1000)
at org.testng.remote.AbstractRemoteTestNG.run(AbstractRemoteTestNG.java:115)
at org.testng.remote.RemoteTestNG.initAndRun(RemoteTestNG.java:251)
at org.testng.remote.RemoteTestNG.main(RemoteTestNG.java:77)
]]>
            </full-stacktrace>
          </exception> <!-- java.lang.AssertionError -->
          <reporter-output>
          </reporter-output>
        </test-method> <!-- ifInvalidUsername -->
        <test-method status="PASS" signature="CloseBrowser()[pri:0, instance:com.autostar.tnca.testcases.Login_Test@610694f1]" name="CloseBrowser" is-config="true" duration-ms="124" started-at="2019-09-10T10:48:04 SGT" finished-at="2019-09-10T10:48:05 SGT">
          <reporter-output>
          </reporter-output>
        </test-method> <!-- CloseBrowser -->
        <test-method status="PASS" signature="launchURL()[pri:0, instance:com.autostar.tnca.testcases.Login_Test@610694f1]" name="launchURL" is-config="true" duration-ms="3901" started-at="2019-09-10T10:48:05 SGT" finished-at="2019-09-10T10:48:08 SGT">
          <reporter-output>
          </reporter-output>
        </test-method> <!-- launchURL -->
        <test-method status="FAIL" signature="ifNoPasswordGiven()[pri:0, instance:com.autostar.tnca.testcases.Login_Test@610694f1]" name="ifNoPasswordGiven" duration-ms="560" started-at="2019-09-10T10:48:08 SGT" finished-at="2019-09-10T10:48:09 SGT">
          <exception class="java.lang.AssertionError">
            <message>
              <![CDATA[expected [Please enter Password] but found [Please enter login name and password.]]]>
            </message>
            <full-stacktrace>
              <![CDATA[java.lang.AssertionError: expected [Please enter Password] but found [Please enter login name and password.]
at org.testng.Assert.fail(Assert.java:97)
at org.testng.Assert.assertEqualsImpl(Assert.java:136)
at org.testng.Assert.assertEquals(Assert.java:118)
at org.testng.Assert.assertEquals(Assert.java:575)
at org.testng.Assert.assertEquals(Assert.java:585)
at com.autostar.tnca.pages.Login_Page.verifyPasswordGiven(Login_Page.java:42)
at com.autostar.tnca.testcases.Login_Test.ifNoPasswordGiven(Login_Test.java:31)
at sun.reflect.NativeMethodAccessorImpl.invoke0(Native Method)
at sun.reflect.NativeMethodAccessorImpl.invoke(Unknown Source)
at sun.reflect.DelegatingMethodAccessorImpl.invoke(Unknown Source)
at java.lang.reflect.Method.invoke(Unknown Source)
at org.testng.internal.MethodInvocationHelper.invokeMethod(MethodInvocationHelper.java:133)
at org.testng.internal.TestInvoker.invokeMethod(TestInvoker.java:584)
at org.testng.internal.TestInvoker.invokeTestMethod(TestInvoker.java:172)
at org.testng.internal.MethodRunner.runInSequence(MethodRunner.java:46)
at org.testng.internal.TestInvoker$MethodInvocationAgent.invoke(TestInvoker.java:804)
at org.testng.internal.TestInvoker.invokeTestMethods(TestInvoker.java:145)
at org.testng.internal.TestMethodWorker.invokeTestMethods(TestMethodWorker.java:146)
at org.testng.internal.TestMethodWorker.run(TestMethodWorker.java:128)
at java.util.ArrayList.forEach(Unknown Source)
at org.testng.TestRunner.privateRun(TestRunner.java:770)
at org.testng.TestRunner.run(TestRunner.java:591)
at org.testng.SuiteRunner.runTest(SuiteRunner.java:402)
at org.testng.SuiteRunner.runSequentially(SuiteRunner.java:396)
at org.testng.SuiteRunner.privateRun(SuiteRunner.java:355)
at org.testng.SuiteRunner.run(SuiteRunner.java:304)
at org.testng.SuiteRunnerWorker.runSuite(SuiteRunnerWorker.java:53)
at org.testng.SuiteRunnerWorker.run(SuiteRunnerWorker.java:96)
at org.testng.TestNG.runSuitesSequentially(TestNG.java:1180)
at org.testng.TestNG.runSuitesLocally(TestNG.java:1102)
at org.testng.TestNG.runSuites(TestNG.java:1032)
at org.testng.TestNG.run(TestNG.java:1000)
at org.testng.remote.AbstractRemoteTestNG.run(AbstractRemoteTestNG.java:115)
at org.testng.remote.RemoteTestNG.initAndRun(RemoteTestNG.java:251)
at org.testng.remote.RemoteTestNG.main(RemoteTestNG.java:77)
]]>
            </full-stacktrace>
          </exception> <!-- java.lang.AssertionError -->
          <reporter-output>
          </reporter-output>
        </test-method> <!-- ifNoPasswordGiven -->
        <test-method status="PASS" signature="CloseBrowser()[pri:0, instance:com.autostar.tnca.testcases.Login_Test@610694f1]" name="CloseBrowser" is-config="true" duration-ms="55" started-at="2019-09-10T10:48:09 SGT" finished-at="2019-09-10T10:48:09 SGT">
          <reporter-output>
          </reporter-output>
        </test-method> <!-- CloseBrowser -->
        <test-method status="PASS" signature="launchURL()[pri:0, instance:com.autostar.tnca.testcases.Login_Test@610694f1]" name="launchURL" is-config="true" duration-ms="3423" started-at="2019-09-10T10:48:09 SGT" finished-at="2019-09-10T10:48:13 SGT">
          <reporter-output>
          </reporter-output>
        </test-method> <!-- launchURL -->
        <test-method status="FAIL" signature="ifNoUserNameAndPasswordGiven()[pri:0, instance:com.autostar.tnca.testcases.Login_Test@610694f1]" name="ifNoUserNameAndPasswordGiven" duration-ms="1194" started-at="2019-09-10T10:48:13 SGT" finished-at="2019-09-10T10:48:14 SGT">
          <exception class="java.lang.AssertionError">
            <message>
              <![CDATA[expected [Please enter Login name and Password.] but found [Please enter login name and password.]]]>
            </message>
            <full-stacktrace>
              <![CDATA[java.lang.AssertionError: expected [Please enter Login name and Password.] but found [Please enter login name and password.]
at org.testng.Assert.fail(Assert.java:97)
at org.testng.Assert.assertEqualsImpl(Assert.java:136)
at org.testng.Assert.assertEquals(Assert.java:118)
at org.testng.Assert.assertEquals(Assert.java:575)
at org.testng.Assert.assertEquals(Assert.java:585)
at com.autostar.tnca.pages.Login_Page.verifyUserNameAndPasswordGiven(Login_Page.java:47)
at com.autostar.tnca.testcases.Login_Test.ifNoUserNameAndPasswordGiven(Login_Test.java:38)
at sun.reflect.NativeMethodAccessorImpl.invoke0(Native Method)
at sun.reflect.NativeMethodAccessorImpl.invoke(Unknown Source)
at sun.reflect.DelegatingMethodAccessorImpl.invoke(Unknown Source)
at java.lang.reflect.Method.invoke(Unknown Source)
at org.testng.internal.MethodInvocationHelper.invokeMethod(MethodInvocationHelper.java:133)
at org.testng.internal.TestInvoker.invokeMethod(TestInvoker.java:584)
at org.testng.internal.TestInvoker.invokeTestMethod(TestInvoker.java:172)
at org.testng.internal.MethodRunner.runInSequence(MethodRunner.java:46)
at org.testng.internal.TestInvoker$MethodInvocationAgent.invoke(TestInvoker.java:804)
at org.testng.internal.TestInvoker.invokeTestMethods(TestInvoker.java:145)
at org.testng.internal.TestMethodWorker.invokeTestMethods(TestMethodWorker.java:146)
at org.testng.internal.TestMethodWorker.run(TestMethodWorker.java:128)
at java.util.ArrayList.forEach(Unknown Source)
at org.testng.TestRunner.privateRun(TestRunner.java:770)
at org.testng.TestRunner.run(TestRunner.java:591)
at org.testng.SuiteRunner.runTest(SuiteRunner.java:402)
at org.testng.SuiteRunner.runSequentially(SuiteRunner.java:396)
at org.testng.SuiteRunner.privateRun(SuiteRunner.java:355)
at org.testng.SuiteRunner.run(SuiteRunner.java:304)
at org.testng.SuiteRunnerWorker.runSuite(SuiteRunnerWorker.java:53)
at org.testng.SuiteRunnerWorker.run(SuiteRunnerWorker.java:96)
at org.testng.TestNG.runSuitesSequentially(TestNG.java:1180)
at org.testng.TestNG.runSuitesLocally(TestNG.java:1102)
at org.testng.TestNG.runSuites(TestNG.java:1032)
at org.testng.TestNG.run(TestNG.java:1000)
at org.testng.remote.AbstractRemoteTestNG.run(AbstractRemoteTestNG.java:115)
at org.testng.remote.RemoteTestNG.initAndRun(RemoteTestNG.java:251)
at org.testng.remote.RemoteTestNG.main(RemoteTestNG.java:77)
]]>
            </full-stacktrace>
          </exception> <!-- java.lang.AssertionError -->
          <reporter-output>
          </reporter-output>
        </test-method> <!-- ifNoUserNameAndPasswordGiven -->
        <test-method status="PASS" signature="CloseBrowser()[pri:0, instance:com.autostar.tnca.testcases.Login_Test@610694f1]" name="CloseBrowser" is-config="true" duration-ms="222" started-at="2019-09-10T10:48:14 SGT" finished-at="2019-09-10T10:48:14 SGT">
          <reporter-output>
          </reporter-output>
        </test-method> <!-- CloseBrowser -->
        <test-method status="PASS" signature="launchURL()[pri:0, instance:com.autostar.tnca.testcases.Login_Test@610694f1]" name="launchURL" is-config="true" duration-ms="4846" started-at="2019-09-10T10:48:14 SGT" finished-at="2019-09-10T10:48:19 SGT">
          <reporter-output>
          </reporter-output>
        </test-method> <!-- launchURL -->
        <test-method status="FAIL" signature="ifNoUserNameGiven()[pri:0, instance:com.autostar.tnca.testcases.Login_Test@610694f1]" name="ifNoUserNameGiven" duration-ms="714" started-at="2019-09-10T10:48:19 SGT" finished-at="2019-09-10T10:48:20 SGT">
          <exception class="java.lang.AssertionError">
            <message>
              <![CDATA[expected [Please enter Login Name] but found [Please enter login name and password.]]]>
            </message>
            <full-stacktrace>
              <![CDATA[java.lang.AssertionError: expected [Please enter Login Name] but found [Please enter login name and password.]
at org.testng.Assert.fail(Assert.java:97)
at org.testng.Assert.assertEqualsImpl(Assert.java:136)
at org.testng.Assert.assertEquals(Assert.java:118)
at org.testng.Assert.assertEquals(Assert.java:575)
at org.testng.Assert.assertEquals(Assert.java:585)
at com.autostar.tnca.pages.Login_Page.verifyUserNameGiven(Login_Page.java:37)
at com.autostar.tnca.testcases.Login_Test.ifNoUserNameGiven(Login_Test.java:24)
at sun.reflect.NativeMethodAccessorImpl.invoke0(Native Method)
at sun.reflect.NativeMethodAccessorImpl.invoke(Unknown Source)
at sun.reflect.DelegatingMethodAccessorImpl.invoke(Unknown Source)
at java.lang.reflect.Method.invoke(Unknown Source)
at org.testng.internal.MethodInvocationHelper.invokeMethod(MethodInvocationHelper.java:133)
at org.testng.internal.TestInvoker.invokeMethod(TestInvoker.java:584)
at org.testng.internal.TestInvoker.invokeTestMethod(TestInvoker.java:172)
at org.testng.internal.MethodRunner.runInSequence(MethodRunner.java:46)
at org.testng.internal.TestInvoker$MethodInvocationAgent.invoke(TestInvoker.java:804)
at org.testng.internal.TestInvoker.invokeTestMethods(TestInvoker.java:145)
at org.testng.internal.TestMethodWorker.invokeTestMethods(TestMethodWorker.java:146)
at org.testng.internal.TestMethodWorker.run(TestMethodWorker.java:128)
at java.util.ArrayList.forEach(Unknown Source)
at org.testng.TestRunner.privateRun(TestRunner.java:770)
at org.testng.TestRunner.run(TestRunner.java:591)
at org.testng.SuiteRunner.runTest(SuiteRunner.java:402)
at org.testng.SuiteRunner.runSequentially(SuiteRunner.java:396)
at org.testng.SuiteRunner.privateRun(SuiteRunner.java:355)
at org.testng.SuiteRunner.run(SuiteRunner.java:304)
at org.testng.SuiteRunnerWorker.runSuite(SuiteRunnerWorker.java:53)
at org.testng.SuiteRunnerWorker.run(SuiteRunnerWorker.java:96)
at org.testng.TestNG.runSuitesSequentially(TestNG.java:1180)
at org.testng.TestNG.runSuitesLocally(TestNG.java:1102)
at org.testng.TestNG.runSuites(TestNG.java:1032)
at org.testng.TestNG.run(TestNG.java:1000)
at org.testng.remote.AbstractRemoteTestNG.run(AbstractRemoteTestNG.java:115)
at org.testng.remote.RemoteTestNG.initAndRun(RemoteTestNG.java:251)
at org.testng.remote.RemoteTestNG.main(RemoteTestNG.java:77)
]]>
            </full-stacktrace>
          </exception> <!-- java.lang.AssertionError -->
          <reporter-output>
          </reporter-output>
        </test-method> <!-- ifNoUserNameGiven -->
        <test-method status="PASS" signature="CloseBrowser()[pri:0, instance:com.autostar.tnca.testcases.Login_Test@610694f1]" name="CloseBrowser" is-config="true" duration-ms="94" started-at="2019-09-10T10:48:20 SGT" finished-at="2019-09-10T10:48:20 SGT">
          <reporter-output>
          </reporter-output>
        </test-method> <!-- CloseBrowser -->
        <test-method status="PASS" signature="launchURL()[pri:0, instance:com.autostar.tnca.testcases.Login_Test@610694f1]" name="launchURL" is-config="true" duration-ms="4278" started-at="2019-09-10T10:48:20 SGT" finished-at="2019-09-10T10:48:24 SGT">
          <reporter-output>
          </reporter-output>
        </test-method> <!-- launchURL -->
        <test-method status="PASS" signature="verifyLoginSuccessfull()[pri:0, instance:com.autostar.tnca.testcases.Login_Test@610694f1]" name="verifyLoginSuccessfull" duration-ms="629" started-at="2019-09-10T10:48:24 SGT" finished-at="2019-09-10T10:48:25 SGT">
          <reporter-output>
          </reporter-output>
        </test-method> <!-- verifyLoginSuccessfull -->
        <test-method status="PASS" signature="CloseBrowser()[pri:0, instance:com.autostar.tnca.testcases.Login_Test@610694f1]" name="CloseBrowser" is-config="true" duration-ms="184" started-at="2019-09-10T10:48:25 SGT" finished-at="2019-09-10T10:48:25 SGT">
          <reporter-output>
          </reporter-output>
        </test-method> <!-- CloseBrowser -->
      </class> <!-- com.autostar.tnca.testcases.Login_Test -->
    </test> <!-- Default test -->
  </suite> <!-- Default suite -->
</testng-results>
